# JRE version: OpenJDK Runtime Environment Temurin-17.0.11+9 (17.0.11+9) (build 17.0.11+9)
# Java VM: OpenJDK Client VM Temurin-17.0.11+9 (17.0.11+9, mixed mode, emulated-client, serial gc, windows-x86)
GC Precious Log:
 CPUs: 16 total, 16 available
 Memory: 7878M
 Large Page Support: Disabled
 NUMA Support: Disabled
 Compressed Oops: Disabled
 Heap Min Capacity: 6M
 Heap Initial Capacity: 16M
 Heap Max Capacity: 1536M
 Pre-touch: Disabled
Heap:
 def new generation   total 196736K, used 54863K [0x05400000, 0x12970000, 0x25400000)
  eden space 174912K,  25% used [0x05400000, 0x07f1b5e8, 0x0fed0000)
  from space 21824K,  49% used [0x0fed0000, 0x10948878, 0x11420000)
  to   space 21824K,   0% used [0x11420000, 0x11420000, 0x12970000)
 tenured generation   total 435056K, used 305118K [0x25400000, 0x3fcdc000, 0x65400000)
   the space 435056K,  70% used [0x25400000, 0x37df7ad0, 0x37df7c00, 0x3fcdc000)
 Metaspace       used 97508K, committed 98112K, reserved 98304K
GC Heap History (20 events):
Event: 117.581 GC heap before
{Heap before GC invocations=234 (full 7):
 def new generation   total 114112K, used 113498K [0x05400000, 0x0cfd0000, 0x25400000)
  eden space 101440K, 100% used [0x05400000, 0x0b710000, 0x0b710000)
  from space 12672K,  95% used [0x0c370000, 0x0cf36808, 0x0cfd0000)
  to   space 12672K,   0% used [0x0b710000, 0x0b710000, 0x0c370000)
 tenured generation   total 251616K, used 163570K [0x25400000, 0x349b8000, 0x65400000)
   the space 251616K,  65% used [0x25400000, 0x2f3bca88, 0x2f3bcc00, 0x349b8000)
 Metaspace       used 89823K, committed 90368K, reserved 98304K
}
Event: 117.602 GC heap after
{Heap after GC invocations=235 (full 7):
 def new generation   total 114112K, used 12672K [0x05400000, 0x0cfd0000, 0x25400000)
  eden space 101440K,   0% used [0x05400000, 0x05400000, 0x0b710000)
  from space 12672K, 100% used [0x0b710000, 0x0c370000, 0x0c370000)
  to   space 12672K,   0% used [0x0c370000, 0x0c370000, 0x0cfd0000)
 tenured generation   total 251616K, used 183043K [0x25400000, 0x349b8000, 0x65400000)
   the space 251616K,  72% used [0x25400000, 0x306c0e28, 0x306c1000, 0x349b8000)
 Metaspace       used 89823K, committed 90368K, reserved 98304K
}
Event: 117.675 GC heap before
{Heap before GC invocations=235 (full 7):
 def new generation   total 114112K, used 114112K [0x05400000, 0x0cfd0000, 0x25400000)
  eden space 101440K, 100% used [0x05400000, 0x0b710000, 0x0b710000)
  from space 12672K, 100% used [0x0b710000, 0x0c370000, 0x0c370000)
  to   space 12672K,   0% used [0x0c370000, 0x0c370000, 0x0cfd0000)
 tenured generation   total 251616K, used 183043K [0x25400000, 0x349b8000, 0x65400000)
   the space 251616K,  72% used [0x25400000, 0x306c0e28, 0x306c1000, 0x349b8000)
 Metaspace       used 89940K, committed 90496K, reserved 98304K
}
Event: 117.723 GC heap after
{Heap after GC invocations=236 (full 7):
 def new generation   total 114112K, used 12672K [0x05400000, 0x0cfd0000, 0x25400000)
  eden space 101440K,   0% used [0x05400000, 0x05400000, 0x0b710000)
  from space 12672K, 100% used [0x0c370000, 0x0cfd0000, 0x0cfd0000)
  to   space 12672K,   0% used [0x0b710000, 0x0b710000, 0x0c370000)
 tenured generation   total 251616K, used 203912K [0x25400000, 0x349b8000, 0x65400000)
   the space 251616K,  81% used [0x25400000, 0x31b221e0, 0x31b22200, 0x349b8000)
 Metaspace       used 89940K, committed 90496K, reserved 98304K
}
Event: 117.776 GC heap before
{Heap before GC invocations=236 (full 7):
 def new generation   total 114112K, used 114112K [0x05400000, 0x0cfd0000, 0x25400000)
  eden space 101440K, 100% used [0x05400000, 0x0b710000, 0x0b710000)
  from space 12672K, 100% used [0x0c370000, 0x0cfd0000, 0x0cfd0000)
  to   space 12672K,   0% used [0x0b710000, 0x0b710000, 0x0c370000)
 tenured generation   total 251616K, used 203912K [0x25400000, 0x349b8000, 0x65400000)
   the space 251616K,  81% used [0x25400000, 0x31b221e0, 0x31b22200, 0x349b8000)
 Metaspace       used 89945K, committed 90496K, reserved 98304K
}
Event: 117.833 GC heap after
{Heap after GC invocations=237 (full 7):
 def new generation   total 114112K, used 12672K [0x05400000, 0x0cfd0000, 0x25400000)
  eden space 101440K,   0% used [0x05400000, 0x05400000, 0x0b710000)
  from space 12672K, 100% used [0x0b710000, 0x0c370000, 0x0c370000)
  to   space 12672K,   0% used [0x0c370000, 0x0c370000, 0x0cfd0000)
 tenured generation   total 251616K, used 224242K [0x25400000, 0x349b8000, 0x65400000)
   the space 251616K,  89% used [0x25400000, 0x32efcb70, 0x32efcc00, 0x349b8000)
 Metaspace       used 89945K, committed 90496K, reserved 98304K
}
Event: 118.058 GC heap before
{Heap before GC invocations=237 (full 7):
 def new generation   total 114112K, used 114112K [0x05400000, 0x0cfd0000, 0x25400000)
  eden space 101440K, 100% used [0x05400000, 0x0b710000, 0x0b710000)
  from space 12672K, 100% used [0x0b710000, 0x0c370000, 0x0c370000)
  to   space 12672K,   0% used [0x0c370000, 0x0c370000, 0x0cfd0000)
 tenured generation   total 251616K, used 224242K [0x25400000, 0x349b8000, 0x65400000)
   the space 251616K,  89% used [0x25400000, 0x32efcb70, 0x32efcc00, 0x349b8000)
 Metaspace       used 89975K, committed 90496K, reserved 98304K
}
Event: 118.129 GC heap after
{Heap after GC invocations=238 (full 7):
 def new generation   total 114112K, used 12672K [0x05400000, 0x0cfd0000, 0x25400000)
  eden space 101440K,   0% used [0x05400000, 0x05400000, 0x0b710000)
  from space 12672K, 100% used [0x0c370000, 0x0cfd0000, 0x0cfd0000)
  to   space 12672K,   0% used [0x0b710000, 0x0b710000, 0x0c370000)
 tenured generation   total 251616K, used 248469K [0x25400000, 0x349b8000, 0x65400000)
   the space 251616K,  98% used [0x25400000, 0x346a5630, 0x346a5800, 0x349b8000)
 Metaspace       used 89975K, committed 90496K, reserved 98304K
}
Event: 118.339 GC heap before
{Heap before GC invocations=238 (full 7):
 def new generation   total 114112K, used 114112K [0x05400000, 0x0cfd0000, 0x25400000)
  eden space 101440K, 100% used [0x05400000, 0x0b710000, 0x0b710000)
  from space 12672K, 100% used [0x0c370000, 0x0cfd0000, 0x0cfd0000)
  to   space 12672K,   0% used [0x0b710000, 0x0b710000, 0x0c370000)
 tenured generation   total 251616K, used 248469K [0x25400000, 0x349b8000, 0x65400000)
   the space 251616K,  98% used [0x25400000, 0x346a5630, 0x346a5800, 0x349b8000)
 Metaspace       used 89975K, committed 90496K, reserved 98304K
}
Event: 118.402 GC heap after
{Heap after GC invocations=239 (full 7):
 def new generation   total 114112K, used 12671K [0x05400000, 0x0cfd0000, 0x25400000)
  eden space 101440K,   0% used [0x05400000, 0x05400000, 0x0b710000)
  from space 12672K,  99% used [0x0b710000, 0x0c36fff8, 0x0c370000)
  to   space 12672K,   0% used [0x0c370000, 0x0c370000, 0x0cfd0000)
 tenured generation   total 271840K, used 271793K [0x25400000, 0x35d78000, 0x65400000)
   the space 271840K,  99% used [0x25400000, 0x35d6c670, 0x35d6c800, 0x35d78000)
 Metaspace       used 89975K, committed 90496K, reserved 98304K
}
Event: 118.402 GC heap before
{Heap before GC invocations=239 (full 7):
 def new generation   total 114112K, used 12671K [0x05400000, 0x0cfd0000, 0x25400000)
  eden space 101440K,   0% used [0x05400000, 0x05400000, 0x0b710000)
  from space 12672K,  99% used [0x0b710000, 0x0c36fff8, 0x0c370000)
  to   space 12672K,   0% used [0x0c370000, 0x0c370000, 0x0cfd0000)
 tenured generation   total 271840K, used 271793K [0x25400000, 0x35d78000, 0x65400000)
   the space 271840K,  99% used [0x25400000, 0x35d6c670, 0x35d6c800, 0x35d78000)
 Metaspace       used 89975K, committed 90496K, reserved 98304K
}
Event: 118.724 GC heap after
{Heap after GC invocations=239 (full 8):
 def new generation   total 196736K, used 0K [0x05400000, 0x12970000, 0x25400000)
  eden space 174912K,   0% used [0x05400000, 0x05400000, 0x0fed0000)
  from space 21824K,   0% used [0x0fed0000, 0x0fed0000, 0x11420000)
  to   space 21824K,   0% used [0x11420000, 0x11420000, 0x12970000)
 tenured generation   total 435056K, used 261033K [0x25400000, 0x3fcdc000, 0x65400000)
   the space 435056K,  59% used [0x25400000, 0x352ea538, 0x352ea600, 0x3fcdc000)
 Metaspace       used 89956K, committed 90496K, reserved 98304K
}
Event: 119.080 GC heap before
{Heap before GC invocations=239 (full 8):
 def new generation   total 196736K, used 174912K [0x05400000, 0x12970000, 0x25400000)
  eden space 174912K, 100% used [0x05400000, 0x0fed0000, 0x0fed0000)
  from space 21824K,   0% used [0x0fed0000, 0x0fed0000, 0x11420000)
  to   space 21824K,   0% used [0x11420000, 0x11420000, 0x12970000)
 tenured generation   total 435056K, used 261033K [0x25400000, 0x3fcdc000, 0x65400000)
   the space 435056K,  59% used [0x25400000, 0x352ea538, 0x352ea600, 0x3fcdc000)
 Metaspace       used 91472K, committed 91968K, reserved 98304K
}
Event: 119.118 GC heap after
{Heap after GC invocations=240 (full 8):
 def new generation   total 196736K, used 13783K [0x05400000, 0x12970000, 0x25400000)
  eden space 174912K,   0% used [0x05400000, 0x05400000, 0x0fed0000)
  from space 21824K,  63% used [0x11420000, 0x12195dc8, 0x12970000)
  to   space 21824K,   0% used [0x0fed0000, 0x0fed0000, 0x11420000)
 tenured generation   total 435056K, used 261033K [0x25400000, 0x3fcdc000, 0x65400000)
   the space 435056K,  59% used [0x25400000, 0x352ea538, 0x352ea600, 0x3fcdc000)
 Metaspace       used 91472K, committed 91968K, reserved 98304K
}
Event: 119.689 GC heap before
{Heap before GC invocations=240 (full 8):
 def new generation   total 196736K, used 188695K [0x05400000, 0x12970000, 0x25400000)
  eden space 174912K, 100% used [0x05400000, 0x0fed0000, 0x0fed0000)
  from space 21824K,  63% used [0x11420000, 0x12195dc8, 0x12970000)
  to   space 21824K,   0% used [0x0fed0000, 0x0fed0000, 0x11420000)
 tenured generation   total 435056K, used 261033K [0x25400000, 0x3fcdc000, 0x65400000)
   the space 435056K,  59% used [0x25400000, 0x352ea538, 0x352ea600, 0x3fcdc000)
 Metaspace       used 93864K, committed 94400K, reserved 98304K
}
Event: 119.727 GC heap after
{Heap after GC invocations=241 (full 8):
 def new generation   total 196736K, used 17742K [0x05400000, 0x12970000, 0x25400000)
  eden space 174912K,   0% used [0x05400000, 0x05400000, 0x0fed0000)
  from space 21824K,  81% used [0x0fed0000, 0x110238a8, 0x11420000)
  to   space 21824K,   0% used [0x11420000, 0x11420000, 0x12970000)
 tenured generation   total 435056K, used 273597K [0x25400000, 0x3fcdc000, 0x65400000)
   the space 435056K,  62% used [0x25400000, 0x35f2f6f8, 0x35f2f800, 0x3fcdc000)
 Metaspace       used 93864K, committed 94400K, reserved 98304K
}
Event: 120.344 GC heap before
{Heap before GC invocations=241 (full 8):
 def new generation   total 196736K, used 192654K [0x05400000, 0x12970000, 0x25400000)
  eden space 174912K, 100% used [0x05400000, 0x0fed0000, 0x0fed0000)
  from space 21824K,  81% used [0x0fed0000, 0x110238a8, 0x11420000)
  to   space 21824K,   0% used [0x11420000, 0x11420000, 0x12970000)
 tenured generation   total 435056K, used 273597K [0x25400000, 0x3fcdc000, 0x65400000)
   the space 435056K,  62% used [0x25400000, 0x35f2f6f8, 0x35f2f800, 0x3fcdc000)
 Metaspace       used 95702K, committed 96256K, reserved 98304K
}
Event: 120.401 GC heap after
{Heap after GC invocations=242 (full 8):
 def new generation   total 196736K, used 17134K [0x05400000, 0x12970000, 0x25400000)
  eden space 174912K,   0% used [0x05400000, 0x05400000, 0x0fed0000)
  from space 21824K,  78% used [0x11420000, 0x124db908, 0x12970000)
  to   space 21824K,   0% used [0x0fed0000, 0x0fed0000, 0x11420000)
 tenured generation   total 435056K, used 290714K [0x25400000, 0x3fcdc000, 0x65400000)
   the space 435056K,  66% used [0x25400000, 0x36fe6928, 0x36fe6a00, 0x3fcdc000)
 Metaspace       used 95702K, committed 96256K, reserved 98304K
}
Event: 121.250 GC heap before
{Heap before GC invocations=242 (full 8):
 def new generation   total 196736K, used 192046K [0x05400000, 0x12970000, 0x25400000)
  eden space 174912K, 100% used [0x05400000, 0x0fed0000, 0x0fed0000)
  from space 21824K,  78% used [0x11420000, 0x124db908, 0x12970000)
  to   space 21824K,   0% used [0x0fed0000, 0x0fed0000, 0x11420000)
 tenured generation   total 435056K, used 290714K [0x25400000, 0x3fcdc000, 0x65400000)
   the space 435056K,  66% used [0x25400000, 0x36fe6928, 0x36fe6a00, 0x3fcdc000)
 Metaspace       used 96915K, committed 97472K, reserved 98304K
}
Event: 121.301 GC heap after
{Heap after GC invocations=243 (full 8):
 def new generation   total 196736K, used 10722K [0x05400000, 0x12970000, 0x25400000)
  eden space 174912K,   0% used [0x05400000, 0x05400000, 0x0fed0000)
  from space 21824K,  49% used [0x0fed0000, 0x10948878, 0x11420000)
  to   space 21824K,   0% used [0x11420000, 0x11420000, 0x12970000)
 tenured generation   total 435056K, used 305118K [0x25400000, 0x3fcdc000, 0x65400000)
   the space 435056K,  70% used [0x25400000, 0x37df7ad0, 0x37df7c00, 0x3fcdc000)
 Metaspace       used 96915K, committed 97472K, reserved 98304K
}

